<?xml version="1.0" encoding="UTF-8"?>
<!-- Generated by org.testng.reporters.JUnitReportReporter -->
<testsuite hostname="DESKTOP-6JUGJ4I" failures="0" tests="3" name="com.parabank.webapp.parallel.RunnerClassTestNg" time="22.874" errors="0" timestamp="2023-04-06T14:34:54 IST" skipped="0">
  <testcase classname="com.parabank.webapp.parallel.RunnerClassTestNg" name="runScenario" time="7.795"/>
  <system-out/>
  <testcase classname="com.parabank.webapp.parallel.RunnerClassTestNg" name="runScenario" time="7.314"/>
  <system-out/>
  <testcase classname="com.parabank.webapp.parallel.RunnerClassTestNg" name="runScenario" time="7.765"/>
  <system-out/>
</testsuite> <!-- com.parabank.webapp.parallel.RunnerClassTestNg -->
